Determining if the pthread_create exist failed with the following output:
Change Dir: /home/flax/blobby-1.0/CMakeFiles/CMakeTmp

Run Build Command:"/usr/bin/make" "cmTC_b4c61/fast"
/usr/bin/make -f CMakeFiles/cmTC_b4c61.dir/build.make CMakeFiles/cmTC_b4c61.dir/build
make[1]: Entering directory '/home/flax/blobby-1.0/CMakeFiles/CMakeTmp'
Building C object CMakeFiles/cmTC_b4c61.dir/CheckSymbolExists.c.o
/usr/bin/cc    -o CMakeFiles/cmTC_b4c61.dir/CheckSymbolExists.c.o   -c /home/flax/blobby-1.0/CMakeFiles/CMakeTmp/CheckSymbolExists.c
Linking C executable cmTC_b4c61
/usr/bin/cmake -E cmake_link_script CMakeFiles/cmTC_b4c61.dir/link.txt --verbose=1
/usr/bin/cc      -rdynamic CMakeFiles/cmTC_b4c61.dir/CheckSymbolExists.c.o  -o cmTC_b4c61 
/usr/bin/ld: CMakeFiles/cmTC_b4c61.dir/CheckSymbolExists.c.o: in function `main':
CheckSymbolExists.c:(.text+0x1b): undefined reference to `pthread_create'
collect2: error: ld returned 1 exit status
make[1]: *** [CMakeFiles/cmTC_b4c61.dir/build.make:87: cmTC_b4c61] Error 1
make[1]: Leaving directory '/home/flax/blobby-1.0/CMakeFiles/CMakeTmp'
make: *** [Makefile:121: cmTC_b4c61/fast] Error 2

File /home/flax/blobby-1.0/CMakeFiles/CMakeTmp/CheckSymbolExists.c:
/* */
#include <pthread.h>

int main(int argc, char** argv)
{
  (void)argv;
#ifndef pthread_create
  return ((int*)(&pthread_create))[argc];
#else
  (void)argc;
  return 0;
#endif
}

Determining if the function pthread_create exists in the pthreads failed with the following output:
Change Dir: /home/flax/blobby-1.0/CMakeFiles/CMakeTmp

Run Build Command:"/usr/bin/make" "cmTC_af7c7/fast"
/usr/bin/make -f CMakeFiles/cmTC_af7c7.dir/build.make CMakeFiles/cmTC_af7c7.dir/build
make[1]: Entering directory '/home/flax/blobby-1.0/CMakeFiles/CMakeTmp'
Building C object CMakeFiles/cmTC_af7c7.dir/CheckFunctionExists.c.o
/usr/bin/cc   -DCHECK_FUNCTION_EXISTS=pthread_create   -o CMakeFiles/cmTC_af7c7.dir/CheckFunctionExists.c.o   -c /usr/share/cmake-3.12/Modules/CheckFunctionExists.c
Linking C executable cmTC_af7c7
/usr/bin/cmake -E cmake_link_script CMakeFiles/cmTC_af7c7.dir/link.txt --verbose=1
/usr/bin/cc  -DCHECK_FUNCTION_EXISTS=pthread_create    -rdynamic CMakeFiles/cmTC_af7c7.dir/CheckFunctionExists.c.o  -o cmTC_af7c7 -lpthreads 
/usr/bin/ld: cannot find -lpthreads
collect2: error: ld returned 1 exit status
make[1]: *** [CMakeFiles/cmTC_af7c7.dir/build.make:87: cmTC_af7c7] Error 1
make[1]: Leaving directory '/home/flax/blobby-1.0/CMakeFiles/CMakeTmp'
make: *** [Makefile:121: cmTC_af7c7/fast] Error 2


Determining if the pthread_create exist failed with the following output:
Change Dir: /home/flax/blobby/blobby-1.0/CMakeFiles/CMakeTmp

Run Build Command:"/usr/bin/make" "cmTC_e5299/fast"
/usr/bin/make -f CMakeFiles/cmTC_e5299.dir/build.make CMakeFiles/cmTC_e5299.dir/build
make[1]: Entering directory '/home/flax/blobby/blobby-1.0/CMakeFiles/CMakeTmp'
Building C object CMakeFiles/cmTC_e5299.dir/CheckSymbolExists.c.o
/usr/bin/cc    -o CMakeFiles/cmTC_e5299.dir/CheckSymbolExists.c.o   -c /home/flax/blobby/blobby-1.0/CMakeFiles/CMakeTmp/CheckSymbolExists.c
Linking C executable cmTC_e5299
/usr/bin/cmake -E cmake_link_script CMakeFiles/cmTC_e5299.dir/link.txt --verbose=1
/usr/bin/cc      -rdynamic CMakeFiles/cmTC_e5299.dir/CheckSymbolExists.c.o  -o cmTC_e5299 
/usr/bin/ld: CMakeFiles/cmTC_e5299.dir/CheckSymbolExists.c.o: in function `main':
CheckSymbolExists.c:(.text+0x1b): undefined reference to `pthread_create'
collect2: error: ld returned 1 exit status
make[1]: *** [CMakeFiles/cmTC_e5299.dir/build.make:87: cmTC_e5299] Error 1
make[1]: Leaving directory '/home/flax/blobby/blobby-1.0/CMakeFiles/CMakeTmp'
make: *** [Makefile:121: cmTC_e5299/fast] Error 2

File /home/flax/blobby/blobby-1.0/CMakeFiles/CMakeTmp/CheckSymbolExists.c:
/* */
#include <pthread.h>

int main(int argc, char** argv)
{
  (void)argv;
#ifndef pthread_create
  return ((int*)(&pthread_create))[argc];
#else
  (void)argc;
  return 0;
#endif
}

Determining if the function pthread_create exists in the pthreads failed with the following output:
Change Dir: /home/flax/blobby/blobby-1.0/CMakeFiles/CMakeTmp

Run Build Command:"/usr/bin/make" "cmTC_3ddbe/fast"
/usr/bin/make -f CMakeFiles/cmTC_3ddbe.dir/build.make CMakeFiles/cmTC_3ddbe.dir/build
make[1]: Entering directory '/home/flax/blobby/blobby-1.0/CMakeFiles/CMakeTmp'
Building C object CMakeFiles/cmTC_3ddbe.dir/CheckFunctionExists.c.o
/usr/bin/cc   -DCHECK_FUNCTION_EXISTS=pthread_create   -o CMakeFiles/cmTC_3ddbe.dir/CheckFunctionExists.c.o   -c /usr/share/cmake-3.12/Modules/CheckFunctionExists.c
Linking C executable cmTC_3ddbe
/usr/bin/cmake -E cmake_link_script CMakeFiles/cmTC_3ddbe.dir/link.txt --verbose=1
/usr/bin/cc  -DCHECK_FUNCTION_EXISTS=pthread_create    -rdynamic CMakeFiles/cmTC_3ddbe.dir/CheckFunctionExists.c.o  -o cmTC_3ddbe -lpthreads 
/usr/bin/ld: cannot find -lpthreads
collect2: error: ld returned 1 exit status
make[1]: *** [CMakeFiles/cmTC_3ddbe.dir/build.make:87: cmTC_3ddbe] Error 1
make[1]: Leaving directory '/home/flax/blobby/blobby-1.0/CMakeFiles/CMakeTmp'
make: *** [Makefile:121: cmTC_3ddbe/fast] Error 2


